{
  "RSpec": {
    "coverage": {
      "/Users/matthewvitt/FORE-SITE/golf/app/models/user.rb": [
        1,
        1,
        1,
        null,
        1,
        null,
        null
      ],
      "/Users/matthewvitt/FORE-SITE/golf/app/helpers/application_helper.rb": [
        1,
        null
      ],
      "/Users/matthewvitt/FORE-SITE/golf/app/helpers/sessions_helper.rb": [
        1,
        null
      ],
      "/Users/matthewvitt/FORE-SITE/golf/app/helpers/teetimes_helper.rb": [
        1,
        null
      ],
      "/Users/matthewvitt/FORE-SITE/golf/app/helpers/users_helper.rb": [
        1,
        null
      ],
      "/Users/matthewvitt/FORE-SITE/golf/app/controllers/users_controller.rb": [
        1,
        1,
        2,
        null,
        null,
        1,
        1,
        1,
        1,
        1,
        null,
        0,
        null,
        null,
        null,
        1,
        null,
        1,
        1,
        null,
        null
      ],
      "/Users/matthewvitt/FORE-SITE/golf/app/controllers/application_controller.rb": [
        1,
        null,
        null,
        1,
        null,
        1,
        2,
        null,
        1,
        null,
        1,
        0,
        null,
        null,
        null,
        null,
        null
      ],
      "/Users/matthewvitt/FORE-SITE/golf/app/controllers/sessions_controller.rb": [
        1,
        1,
        null,
        null,
        null,
        null,
        1,
        1,
        1,
        0,
        0,
        null,
        1,
        null,
        null,
        null,
        1,
        0,
        0,
        null,
        null,
        null
      ]
    },
    "timestamp": 1434494335
  }
}
